[I 240820 08:40:10 testsomething:82] on open
[I 240820 08:41:01 testsomething:82] on open
[I 240820 09:18:11 smartwebsocketexamplev2:111] on open
[I 240820 09:18:13 testsomething:82] on open
[W 240820 09:28:50 smartWebSocketV2:319] Attempting to resubscribe/reconnect (Attempt 1)...
[I 240820 09:28:53 smartwebsocketexamplev2:111] on open
[I 240820 09:31:34 testsomething:82] on open
[W 240820 09:33:52 smartWebSocketV2:319] Attempting to resubscribe/reconnect (Attempt 1)...
[I 240820 09:34:02 testsomething:82] on open
[E 240820 09:34:02 testsomething:88] Connection closed
[W 240820 09:34:02 smartWebSocketV2:343] Connection closed due to max retry attempts reached.
[E 240820 09:34:02 testsomething:88] Connection closed
[W 240820 09:34:02 smartWebSocketV2:343] Connection closed due to max retry attempts reached.
[E 240820 09:34:02 testsomething:88] Connection closed
[W 240820 09:34:02 smartWebSocketV2:343] Connection closed due to max retry attempts reached.
[E 240820 09:34:04 smartWebSocketV2:212] Error occurred during subscribe: Connection is already closed.
[W 240820 09:35:29 smartWebSocketV2:319] Attempting to resubscribe/reconnect (Attempt 1)...
[I 240820 09:35:32 smartwebsocketexamplev2:111] on open
[I 240820 09:35:46 testsomething:82] on open
[W 240820 09:36:28 smartWebSocketV2:319] Attempting to resubscribe/reconnect (Attempt 1)...
[I 240820 09:36:38 testsomething:82] on open
[E 240820 09:36:38 testsomething:88] Connection closed
[W 240820 09:36:38 smartWebSocketV2:343] Connection closed due to max retry attempts reached.
[E 240820 09:36:38 testsomething:88] Connection closed
[W 240820 09:36:38 smartWebSocketV2:343] Connection closed due to max retry attempts reached.
[E 240820 09:36:38 testsomething:88] Connection closed
[W 240820 09:36:38 smartWebSocketV2:343] Connection closed due to max retry attempts reached.
[E 240820 09:36:40 smartWebSocketV2:212] Error occurred during subscribe: Connection is already closed.
[W 240820 09:36:42 smartWebSocketV2:319] Attempting to resubscribe/reconnect (Attempt 1)...
[I 240820 09:36:47 smartwebsocketexamplev2:111] on open
[I 240820 09:37:17 testsomething:82] on open
[W 240820 09:37:17 smartWebSocketV2:319] Attempting to resubscribe/reconnect (Attempt 1)...
[I 240820 09:37:30 testsomething:82] on open
[E 240820 09:37:30 testsomething:88] Connection closed
[W 240820 09:37:30 smartWebSocketV2:343] Connection closed due to max retry attempts reached.
[E 240820 09:37:30 testsomething:88] Connection closed
[W 240820 09:37:30 smartWebSocketV2:343] Connection closed due to max retry attempts reached.
[E 240820 09:37:30 testsomething:88] Connection closed
[W 240820 09:37:30 smartWebSocketV2:343] Connection closed due to max retry attempts reached.
[I 240820 09:37:54 testsomething:83] on open
[W 240820 09:37:54 smartWebSocketV2:319] Attempting to resubscribe/reconnect (Attempt 1)...
[I 240820 09:38:05 testsomething:83] on open
[E 240820 09:38:06 testsomething:89] Connection closed
[W 240820 09:38:06 smartWebSocketV2:343] Connection closed due to max retry attempts reached.
[E 240820 09:38:06 testsomething:89] Connection closed
[W 240820 09:38:06 smartWebSocketV2:343] Connection closed due to max retry attempts reached.
[E 240820 09:38:06 testsomething:89] Connection closed
[W 240820 09:38:06 smartWebSocketV2:343] Connection closed due to max retry attempts reached.
[E 240820 09:38:06 smartWebSocketV2:212] Error occurred during subscribe: Connection is already closed.
[I 240820 09:38:20 testsomething:83] on open
[I 240820 09:38:47 testsomething:83] on open
[I 240820 09:39:25 testsomething:83] on open
[I 240820 09:39:38 testsomething:83] on open
[I 240820 09:40:10 testsomething:83] on open
[I 240820 09:40:20 testsomething:83] on open
[W 240820 09:40:20 smartWebSocketV2:319] Attempting to resubscribe/reconnect (Attempt 1)...
[I 240820 09:40:29 testsomething:83] on open
[I 240820 09:41:03 testsomething:83] on open
[I 240820 09:41:20 testsomething:83] on open
[W 240820 09:41:20 smartWebSocketV2:319] Attempting to resubscribe/reconnect (Attempt 1)...
[I 240820 09:41:31 testsomething:83] on open
[E 240820 09:41:31 testsomething:89] Connection closed
[W 240820 09:41:31 smartWebSocketV2:343] Connection closed due to max retry attempts reached.
[E 240820 09:41:31 testsomething:89] Connection closed
[W 240820 09:41:31 smartWebSocketV2:343] Connection closed due to max retry attempts reached.
[E 240820 09:41:31 testsomething:89] Connection closed
[W 240820 09:41:31 smartWebSocketV2:343] Connection closed due to max retry attempts reached.
[I 240820 09:41:47 testsomething:83] on open
[I 240820 09:42:02 testsomething:83] on open
[W 240820 09:43:11 smartWebSocketV2:319] Attempting to resubscribe/reconnect (Attempt 1)...
[I 240820 09:43:22 testsomething:83] on open
[I 240820 09:44:47 testsomething:83] on open
[W 240820 09:44:47 smartWebSocketV2:319] Attempting to resubscribe/reconnect (Attempt 1)...
[I 240820 09:44:57 testsomething:83] on open
[E 240820 09:44:57 testsomething:89] Connection closed
[W 240820 09:44:57 smartWebSocketV2:343] Connection closed due to max retry attempts reached.
[E 240820 09:44:57 testsomething:89] Connection closed
[W 240820 09:44:57 smartWebSocketV2:343] Connection closed due to max retry attempts reached.
[E 240820 09:44:57 testsomething:89] Connection closed
[W 240820 09:44:57 smartWebSocketV2:343] Connection closed due to max retry attempts reached.
[E 240820 09:44:59 smartWebSocketV2:212] Error occurred during subscribe: Connection is already closed.
[I 240820 09:45:02 testsomething:83] on open
[W 240820 09:45:33 smartWebSocketV2:319] Attempting to resubscribe/reconnect (Attempt 1)...
[I 240820 09:45:43 testsomething:83] on open
[E 240820 09:45:43 testsomething:89] Connection closed
[W 240820 09:45:43 smartWebSocketV2:343] Connection closed due to max retry attempts reached.
[E 240820 09:45:43 testsomething:89] Connection closed
[W 240820 09:45:43 smartWebSocketV2:343] Connection closed due to max retry attempts reached.
[E 240820 09:45:43 testsomething:89] Connection closed
[W 240820 09:45:43 smartWebSocketV2:343] Connection closed due to max retry attempts reached.
[E 240820 09:45:44 smartWebSocketV2:212] Error occurred during subscribe: Connection is already closed.
[I 240820 09:45:54 testsomething:83] on open
[W 240820 09:45:54 smartWebSocketV2:319] Attempting to resubscribe/reconnect (Attempt 1)...
[I 240820 09:46:04 testsomething:83] on open
[I 240820 09:46:08 testsomething:83] on open
[W 240820 09:46:08 smartWebSocketV2:319] Attempting to resubscribe/reconnect (Attempt 1)...
[I 240820 09:46:19 testsomething:83] on open
[E 240820 09:46:19 testsomething:89] Connection closed
[W 240820 09:46:19 smartWebSocketV2:343] Connection closed due to max retry attempts reached.
[E 240820 09:46:19 testsomething:89] Connection closed
[W 240820 09:46:19 smartWebSocketV2:343] Connection closed due to max retry attempts reached.
[E 240820 09:46:19 testsomething:89] Connection closed
[W 240820 09:46:19 smartWebSocketV2:343] Connection closed due to max retry attempts reached.
[E 240820 09:46:20 smartWebSocketV2:212] Error occurred during subscribe: Connection is already closed.
[I 240820 09:46:34 testsomething:83] on open
[I 240820 09:46:45 testsomething:83] on open
[W 240820 09:46:45 smartWebSocketV2:319] Attempting to resubscribe/reconnect (Attempt 1)...
[I 240820 09:46:55 testsomething:83] on open
[I 240820 09:47:21 testsomething:83] on open
[W 240820 09:48:40 smartWebSocketV2:319] Attempting to resubscribe/reconnect (Attempt 1)...
[I 240820 09:48:50 testsomething:83] on open
[W 240820 09:48:52 smartWebSocketV2:319] Attempting to resubscribe/reconnect (Attempt 1)...
[E 240820 09:55:03 testsomething:89] Connection closed
[W 240820 09:55:03 smartWebSocketV2:343] Connection closed due to max retry attempts reached.
[E 240820 09:55:03 testsomething:89] Connection closed
[W 240820 09:55:03 smartWebSocketV2:343] Connection closed due to max retry attempts reached.
[E 240820 09:55:03 testsomething:89] Connection closed
[W 240820 09:55:03 smartWebSocketV2:343] Connection closed due to max retry attempts reached.
[E 240820 09:55:04 smartWebSocketV2:212] Error occurred during subscribe: Connection is already closed.
[I 240820 09:55:15 testsomething:83] on open
[W 240820 09:55:38 smartWebSocketV2:319] Attempting to resubscribe/reconnect (Attempt 1)...
[I 240820 09:55:49 testsomething:83] on open
[E 240820 09:56:07 testsomething:89] Connection closed
[W 240820 09:56:07 smartWebSocketV2:343] Connection closed due to max retry attempts reached.
[E 240820 09:56:07 testsomething:89] Connection closed
[W 240820 09:56:07 smartWebSocketV2:343] Connection closed due to max retry attempts reached.
[E 240820 09:56:07 testsomething:89] Connection closed
[W 240820 09:56:07 smartWebSocketV2:343] Connection closed due to max retry attempts reached.
[E 240820 09:56:09 smartWebSocketV2:212] Error occurred during subscribe: Connection is already closed.
[I 240820 09:56:45 testsomething:83] on open
[W 240820 09:56:49 smartWebSocketV2:319] Attempting to resubscribe/reconnect (Attempt 1)...
[I 240820 09:56:59 testsomething:83] on open
[E 240820 09:57:49 testsomething:89] Connection closed
[W 240820 09:57:49 smartWebSocketV2:343] Connection closed due to max retry attempts reached.
[E 240820 09:57:49 testsomething:89] Connection closed
[W 240820 09:57:49 smartWebSocketV2:343] Connection closed due to max retry attempts reached.
[E 240820 09:57:49 testsomething:89] Connection closed
[W 240820 09:57:49 smartWebSocketV2:343] Connection closed due to max retry attempts reached.
[E 240820 09:57:51 smartWebSocketV2:212] Error occurred during subscribe: Connection is already closed.
[I 240820 09:58:18 testsomething:83] on open
[W 240820 09:58:18 smartWebSocketV2:319] Attempting to resubscribe/reconnect (Attempt 1)...
[I 240820 09:58:28 testsomething:83] on open
[E 240820 09:58:28 testsomething:89] Connection closed
[W 240820 09:58:28 smartWebSocketV2:343] Connection closed due to max retry attempts reached.
[E 240820 09:58:28 testsomething:89] Connection closed
[W 240820 09:58:28 smartWebSocketV2:343] Connection closed due to max retry attempts reached.
[E 240820 09:58:28 testsomething:89] Connection closed
[W 240820 09:58:28 smartWebSocketV2:343] Connection closed due to max retry attempts reached.
[E 240820 09:58:30 smartWebSocketV2:212] Error occurred during subscribe: Connection is already closed.
[I 240820 09:58:33 testsomething:83] on open
[W 240820 09:58:33 smartWebSocketV2:319] Attempting to resubscribe/reconnect (Attempt 1)...
[I 240820 09:58:44 testsomething:83] on open
[E 240820 09:58:44 testsomething:89] Connection closed
[W 240820 09:58:44 smartWebSocketV2:343] Connection closed due to max retry attempts reached.
[E 240820 09:58:44 testsomething:89] Connection closed
[W 240820 09:58:44 smartWebSocketV2:343] Connection closed due to max retry attempts reached.
[E 240820 09:58:44 testsomething:89] Connection closed
[W 240820 09:58:44 smartWebSocketV2:343] Connection closed due to max retry attempts reached.
[I 240820 09:58:50 testsomething:83] on open
[W 240820 09:58:51 smartWebSocketV2:319] Attempting to resubscribe/reconnect (Attempt 1)...
[I 240820 09:59:03 testsomething:83] on open
[I 240820 09:59:09 testsomething:83] on open
[W 240820 09:59:09 smartWebSocketV2:319] Attempting to resubscribe/reconnect (Attempt 1)...
[I 240820 09:59:19 testsomething:83] on open
[E 240820 09:59:20 testsomething:89] Connection closed
[W 240820 09:59:20 smartWebSocketV2:343] Connection closed due to max retry attempts reached.
[E 240820 09:59:20 testsomething:89] Connection closed
[W 240820 09:59:20 smartWebSocketV2:343] Connection closed due to max retry attempts reached.
[E 240820 09:59:20 testsomething:89] Connection closed
[W 240820 09:59:20 smartWebSocketV2:343] Connection closed due to max retry attempts reached.
[E 240820 09:59:24 smartWebSocketV2:212] Error occurred during subscribe: Connection is already closed.
[I 240820 09:59:32 testsomething:83] on open
[I 240820 09:59:41 testsomething:83] on open
[W 240820 09:59:41 smartWebSocketV2:319] Attempting to resubscribe/reconnect (Attempt 1)...
[I 240820 09:59:51 testsomething:83] on open
[E 240820 09:59:51 testsomething:89] Connection closed
[W 240820 09:59:51 smartWebSocketV2:343] Connection closed due to max retry attempts reached.
[E 240820 09:59:51 testsomething:89] Connection closed
[W 240820 09:59:51 smartWebSocketV2:343] Connection closed due to max retry attempts reached.
[E 240820 09:59:51 testsomething:89] Connection closed
[W 240820 09:59:51 smartWebSocketV2:343] Connection closed due to max retry attempts reached.
[E 240820 09:59:55 smartWebSocketV2:212] Error occurred during subscribe: Connection is already closed.
[I 240820 10:01:08 testsomething:83] on open
[W 240820 10:01:08 smartWebSocketV2:319] Attempting to resubscribe/reconnect (Attempt 1)...
[I 240820 10:01:19 testsomething:83] on open
[E 240820 10:01:25 testsomething:89] Connection closed
[W 240820 10:01:25 smartWebSocketV2:343] Connection closed due to max retry attempts reached.
[E 240820 10:01:25 testsomething:89] Connection closed
[W 240820 10:01:25 smartWebSocketV2:343] Connection closed due to max retry attempts reached.
[E 240820 10:01:25 testsomething:89] Connection closed
[W 240820 10:01:25 smartWebSocketV2:343] Connection closed due to max retry attempts reached.
[E 240820 10:01:28 smartWebSocketV2:212] Error occurred during subscribe: Connection is already closed.
[I 240820 10:01:31 testsomething:83] on open
[I 240820 10:01:52 testsomething:83] on open
[W 240820 10:01:52 smartWebSocketV2:319] Attempting to resubscribe/reconnect (Attempt 1)...
[I 240820 10:02:02 testsomething:83] on open
[I 240820 10:02:06 testsomething:83] on open
[W 240820 10:02:06 smartWebSocketV2:319] Attempting to resubscribe/reconnect (Attempt 1)...
[I 240820 10:02:17 testsomething:83] on open
[E 240820 10:02:22 testsomething:89] Connection closed
[W 240820 10:02:22 smartWebSocketV2:343] Connection closed due to max retry attempts reached.
[E 240820 10:02:22 testsomething:89] Connection closed
[W 240820 10:02:22 smartWebSocketV2:343] Connection closed due to max retry attempts reached.
[E 240820 10:02:22 testsomething:89] Connection closed
[W 240820 10:02:22 smartWebSocketV2:343] Connection closed due to max retry attempts reached.
[I 240820 10:02:27 testsomething:83] on open
[I 240820 10:02:42 testsomething:83] on open
[W 240820 10:02:42 smartWebSocketV2:319] Attempting to resubscribe/reconnect (Attempt 1)...
[I 240820 10:02:52 testsomething:83] on open
[E 240820 10:02:58 testsomething:89] Connection closed
[W 240820 10:02:58 smartWebSocketV2:343] Connection closed due to max retry attempts reached.
[E 240820 10:02:58 testsomething:89] Connection closed
[W 240820 10:02:58 smartWebSocketV2:343] Connection closed due to max retry attempts reached.
[E 240820 10:02:58 testsomething:89] Connection closed
[W 240820 10:02:58 smartWebSocketV2:343] Connection closed due to max retry attempts reached.
[I 240820 10:03:02 testsomething:83] on open
[W 240820 10:03:02 smartWebSocketV2:319] Attempting to resubscribe/reconnect (Attempt 1)...
[I 240820 10:03:13 testsomething:83] on open
[E 240820 10:03:14 testsomething:89] Connection closed
[W 240820 10:03:14 smartWebSocketV2:343] Connection closed due to max retry attempts reached.
[E 240820 10:03:14 testsomething:89] Connection closed
[W 240820 10:03:14 smartWebSocketV2:343] Connection closed due to max retry attempts reached.
[E 240820 10:03:14 testsomething:89] Connection closed
[W 240820 10:03:14 smartWebSocketV2:343] Connection closed due to max retry attempts reached.
[I 240820 10:03:14 smartwebsocketexamplev2:111] on open
[E 240820 10:03:17 smartWebSocketV2:212] Error occurred during subscribe: Connection is already closed.
[I 240820 10:05:18 testsomething:83] on open
[W 240820 10:06:41 smartWebSocketV2:319] Attempting to resubscribe/reconnect (Attempt 1)...
[I 240820 10:06:51 testsomething:83] on open
[E 240820 10:06:56 testsomething:89] Connection closed
[W 240820 10:06:56 smartWebSocketV2:343] Connection closed due to max retry attempts reached.
[E 240820 10:06:56 testsomething:89] Connection closed
[W 240820 10:06:56 smartWebSocketV2:343] Connection closed due to max retry attempts reached.
[E 240820 10:06:56 testsomething:89] Connection closed
[W 240820 10:06:56 smartWebSocketV2:343] Connection closed due to max retry attempts reached.
[E 240820 10:06:58 smartWebSocketV2:212] Error occurred during subscribe: Connection is already closed.
[I 240820 10:07:22 testsomething:83] on open
[W 240820 10:07:22 smartWebSocketV2:319] Attempting to resubscribe/reconnect (Attempt 1)...
[I 240820 10:07:32 testsomething:83] on open
[E 240820 10:07:38 testsomething:89] Connection closed
[W 240820 10:07:38 smartWebSocketV2:343] Connection closed due to max retry attempts reached.
[E 240820 10:07:38 testsomething:89] Connection closed
[W 240820 10:07:38 smartWebSocketV2:343] Connection closed due to max retry attempts reached.
[E 240820 10:07:38 testsomething:89] Connection closed
[W 240820 10:07:38 smartWebSocketV2:343] Connection closed due to max retry attempts reached.
[W 240820 10:07:43 smartWebSocketV2:319] Attempting to resubscribe/reconnect (Attempt 1)...
[I 240820 10:07:50 smartwebsocketexamplev2:111] on open
[W 240820 10:07:50 smartWebSocketV2:319] Attempting to resubscribe/reconnect (Attempt 1)...
[I 240820 10:08:01 smartwebsocketexamplev2:111] on open
[E 240820 10:08:06 smartwebsocketexamplev2:119] Connection closed
[W 240820 10:08:06 smartWebSocketV2:343] Connection closed due to max retry attempts reached.
[E 240820 10:08:06 smartwebsocketexamplev2:119] Connection closed
[W 240820 10:08:06 smartWebSocketV2:343] Connection closed due to max retry attempts reached.
[E 240820 10:08:06 smartwebsocketexamplev2:119] Connection closed
[W 240820 10:08:06 smartWebSocketV2:343] Connection closed due to max retry attempts reached.
[I 240820 10:08:10 smartwebsocketexamplev2:111] on open
[I 240820 10:08:16 testsomething:83] on open
[W 240820 10:08:55 smartWebSocketV2:319] Attempting to resubscribe/reconnect (Attempt 1)...
[I 240820 10:09:05 testsomething:83] on open
[W 240820 10:10:34 smartWebSocketV2:319] Attempting to resubscribe/reconnect (Attempt 1)...
[E 240820 10:23:02 testsomething:89] Connection closed
[W 240820 10:23:02 smartWebSocketV2:343] Connection closed due to max retry attempts reached.
[E 240820 10:23:02 testsomething:89] Connection closed
[W 240820 10:23:02 smartWebSocketV2:343] Connection closed due to max retry attempts reached.
[E 240820 10:23:02 testsomething:89] Connection closed
[W 240820 10:23:02 smartWebSocketV2:343] Connection closed due to max retry attempts reached.
[E 240820 10:23:07 smartWebSocketV2:212] Error occurred during subscribe: Connection is already closed.
[I 240820 10:23:25 testsomething:83] on open
[W 240820 10:23:25 smartWebSocketV2:319] Attempting to resubscribe/reconnect (Attempt 1)...
[I 240820 10:23:34 smartwebsocketexamplev2:111] on open
[I 240820 10:23:36 testsomething:83] on open
[W 240820 10:23:44 smartWebSocketV2:319] Attempting to resubscribe/reconnect (Attempt 1)...
[E 240820 10:44:21 testsomething:89] Connection closed
[W 240820 10:44:21 smartWebSocketV2:343] Connection closed due to max retry attempts reached.
[E 240820 10:44:21 testsomething:89] Connection closed
[W 240820 10:44:21 smartWebSocketV2:343] Connection closed due to max retry attempts reached.
[E 240820 10:44:21 testsomething:89] Connection closed
[W 240820 10:44:21 smartWebSocketV2:343] Connection closed due to max retry attempts reached.
[E 240820 10:44:21 smartWebSocketV2:212] Error occurred during subscribe: Connection is already closed.
[I 240820 10:46:39 testsomething:83] on open
[W 240820 10:46:39 smartWebSocketV2:319] Attempting to resubscribe/reconnect (Attempt 1)...
[I 240820 10:46:49 testsomething:83] on open
[E 240820 10:46:49 testsomething:89] Connection closed
[W 240820 10:46:49 smartWebSocketV2:343] Connection closed due to max retry attempts reached.
[E 240820 10:46:49 testsomething:89] Connection closed
[W 240820 10:46:49 smartWebSocketV2:343] Connection closed due to max retry attempts reached.
[E 240820 10:46:49 testsomething:89] Connection closed
[W 240820 10:46:49 smartWebSocketV2:343] Connection closed due to max retry attempts reached.
[E 240820 10:46:54 smartWebSocketV2:212] Error occurred during subscribe: Connection is already closed.
[I 240820 10:47:04 smartwebsocketexamplev2:111] on open
[I 240820 10:47:10 testsomething:83] on open
[W 240820 10:47:16 smartWebSocketV2:319] Attempting to resubscribe/reconnect (Attempt 1)...
[W 240820 10:59:40 smartWebSocketV2:319] Attempting to resubscribe/reconnect (Attempt 1)...
[E 240820 10:59:51 testsomething:89] Connection closed
[W 240820 10:59:51 smartWebSocketV2:343] Connection closed due to max retry attempts reached.
[E 240820 10:59:51 testsomething:89] Connection closed
[W 240820 10:59:51 smartWebSocketV2:343] Connection closed due to max retry attempts reached.
[E 240820 10:59:51 testsomething:89] Connection closed
[W 240820 10:59:51 smartWebSocketV2:343] Connection closed due to max retry attempts reached.
[E 240820 10:59:55 smartWebSocketV2:212] Error occurred during subscribe: Connection is already closed.
[I 240820 11:00:15 smartwebsocketexamplev2:111] on open
[I 240820 11:00:20 testsomething:83] on open
[I 240820 11:00:35 testsomething:83] on open
[W 240820 11:02:43 smartWebSocketV2:319] Attempting to resubscribe/reconnect (Attempt 1)...
[W 240820 11:12:18 smartWebSocketV2:319] Attempting to resubscribe/reconnect (Attempt 1)...
[E 240820 11:12:30 smartWebSocketV2:212] Error occurred during subscribe: socket is already closed.
[I 240820 11:12:32 testsomething:83] on open
[E 240820 11:12:32 testsomething:89] Connection closed
[W 240820 11:12:32 smartWebSocketV2:343] Connection closed due to max retry attempts reached.
[E 240820 11:12:32 testsomething:89] Connection closed
[W 240820 11:12:32 smartWebSocketV2:343] Connection closed due to max retry attempts reached.
[E 240820 11:12:32 testsomething:89] Connection closed
[W 240820 11:12:32 smartWebSocketV2:343] Connection closed due to max retry attempts reached.
[I 240820 11:12:45 smartwebsocketexamplev2:111] on open
[I 240820 11:13:06 testsomething:83] on open
[W 240820 11:13:09 smartWebSocketV2:319] Attempting to resubscribe/reconnect (Attempt 1)...
[W 240820 11:15:29 smartWebSocketV2:319] Attempting to resubscribe/reconnect (Attempt 1)...
[E 240820 11:15:39 smartWebSocketV2:212] Error occurred during subscribe: socket is already closed.
[I 240820 11:15:40 testsomething:83] on open
[E 240820 11:15:40 testsomething:89] Connection closed
[W 240820 11:15:40 smartWebSocketV2:343] Connection closed due to max retry attempts reached.
[E 240820 11:15:40 testsomething:89] Connection closed
[W 240820 11:15:40 smartWebSocketV2:343] Connection closed due to max retry attempts reached.
[E 240820 11:15:40 testsomething:89] Connection closed
[W 240820 11:15:40 smartWebSocketV2:343] Connection closed due to max retry attempts reached.
[I 240820 11:17:44 testsomething:83] on open
[W 240820 11:17:44 smartWebSocketV2:319] Attempting to resubscribe/reconnect (Attempt 1)...
[I 240820 11:17:50 smartwebsocketexamplev2:111] on open
[I 240820 11:17:54 testsomething:83] on open
[I 240820 11:17:57 testsomething:83] on open
[W 240820 11:18:02 smartWebSocketV2:319] Attempting to resubscribe/reconnect (Attempt 1)...
[W 240820 11:19:32 smartWebSocketV2:319] Attempting to resubscribe/reconnect (Attempt 1)...
[I 240820 11:19:42 testsomething:83] on open
[E 240820 11:19:42 testsomething:89] Connection closed
[W 240820 11:19:42 smartWebSocketV2:343] Connection closed due to max retry attempts reached.
[E 240820 11:19:42 testsomething:89] Connection closed
[W 240820 11:19:42 smartWebSocketV2:343] Connection closed due to max retry attempts reached.
[E 240820 11:19:42 testsomething:89] Connection closed
[W 240820 11:19:42 smartWebSocketV2:343] Connection closed due to max retry attempts reached.
[E 240820 11:19:42 smartWebSocketV2:212] Error occurred during subscribe: Connection is already closed.
[I 240820 11:19:57 testsomething:83] on open
[W 240820 11:19:57 smartWebSocketV2:319] Attempting to resubscribe/reconnect (Attempt 1)...
[I 240820 11:20:02 testsomething:83] on open
[W 240820 11:20:02 smartWebSocketV2:319] Attempting to resubscribe/reconnect (Attempt 1)...
[I 240820 11:20:10 smartwebsocketexamplev2:111] on open
[I 240820 11:20:13 testsomething:83] on open
[W 240820 11:23:51 smartWebSocketV2:319] Attempting to resubscribe/reconnect (Attempt 1)...
[E 240820 11:29:52 testsomething:89] Connection closed
[W 240820 11:29:52 smartWebSocketV2:343] Connection closed due to max retry attempts reached.
[E 240820 11:29:52 testsomething:89] Connection closed
[W 240820 11:29:52 smartWebSocketV2:343] Connection closed due to max retry attempts reached.
[E 240820 11:29:52 testsomething:89] Connection closed
[W 240820 11:29:52 smartWebSocketV2:343] Connection closed due to max retry attempts reached.
[E 240820 11:29:52 smartWebSocketV2:212] Error occurred during subscribe: Connection is already closed.
[I 240820 11:35:15 smartwebsocketexamplev2:111] on open
[I 240820 11:35:20 testsomething:83] on open
[W 240820 11:35:25 smartWebSocketV2:319] Attempting to resubscribe/reconnect (Attempt 1)...
[W 240820 11:35:52 smartWebSocketV2:319] Attempting to resubscribe/reconnect (Attempt 1)...
[I 240820 11:36:03 testsomething:83] on open
[E 240820 11:36:03 testsomething:89] Connection closed
[W 240820 11:36:03 smartWebSocketV2:343] Connection closed due to max retry attempts reached.
[E 240820 11:36:03 testsomething:89] Connection closed
[W 240820 11:36:03 smartWebSocketV2:343] Connection closed due to max retry attempts reached.
[E 240820 11:36:03 testsomething:89] Connection closed
[W 240820 11:36:03 smartWebSocketV2:343] Connection closed due to max retry attempts reached.
[E 240820 11:36:05 smartWebSocketV2:212] Error occurred during subscribe: Connection is already closed.
[I 240820 11:36:46 testsomething:83] on open
[W 240820 11:36:46 smartWebSocketV2:319] Attempting to resubscribe/reconnect (Attempt 1)...
[I 240820 11:36:51 smartwebsocketexamplev2:111] on open
[I 240820 11:36:57 testsomething:83] on open
[E 240820 11:38:37 testsomething:89] Connection closed
[W 240820 11:38:37 smartWebSocketV2:343] Connection closed due to max retry attempts reached.
[E 240820 11:38:37 testsomething:89] Connection closed
[W 240820 11:38:37 smartWebSocketV2:343] Connection closed due to max retry attempts reached.
[E 240820 11:38:37 testsomething:89] Connection closed
[W 240820 11:38:37 smartWebSocketV2:343] Connection closed due to max retry attempts reached.
[E 240820 11:38:41 smartWebSocketV2:212] Error occurred during subscribe: Connection is already closed.
[W 240820 11:38:53 smartWebSocketV2:319] Attempting to resubscribe/reconnect (Attempt 1)...
[I 240820 11:38:56 smartwebsocketexamplev2:111] on open
[I 240820 11:39:55 testsomething:83] on open
[W 240820 11:39:59 smartWebSocketV2:319] Attempting to resubscribe/reconnect (Attempt 1)...
